#
# There is insufficient memory for the Java Runtime Environment to continue.
# Native memory allocation (malloc) failed to allocate 1048576 bytes for AllocateHeap
# Possible reasons:
#   The system is out of physical RAM or swap space
#   The process is running with CompressedOops enabled, and the Java Heap may be blocking the growth of the native heap
# Possible solutions:
#   Reduce memory load on the system
#   Increase physical memory or swap space
#   Check if swap backing store is full
#   Decrease Java heap size (-Xmx/-Xms)
#   Decrease number of Java threads
#   Decrease Java thread stack sizes (-Xss)
#   Set larger code cache with -XX:ReservedCodeCacheSize=
#   JVM is running with Unscaled Compressed Oops mode in which the Java heap is
#     placed in the first 4GB address space. The Java Heap base address is the
#     maximum limit for the native heap growth. Please use -XX:HeapBaseMinAddress
#     to set the Java Heap base and to place the Java Heap above 4GB virtual address.
# This output file may be truncated or incomplete.
#
#  Out of Memory Error (allocation.cpp:44), pid=41896, tid=42124
#
# JRE version:  (17.0.12+8) (build )
# Java VM: Java HotSpot(TM) 64-Bit Server VM (17.0.12+8-LTS-286, mixed mode, sharing, tiered, compressed oops, compressed class ptrs, g1 gc, windows-amd64)
# No core dump will be written. Minidumps are not enabled by default on client versions of Windows
#

---------------  S U M M A R Y ------------

Command Line: -Dapplication.home=C:\Users\Soliyana Kibrom\Downloads\jdk-17.0.12_windows-x64_bin\jdk-17.0.12 --add-modules=ALL-DEFAULT -Xms8m -Djdk.module.main=jdk.compiler jdk.compiler/com.sun.tools.javac.Main --module-path C:\Users\Soliyana Kibrom\Downloads\javafx-sdk-17.0.1-main\javafx-sdk-17.0.1-main\lib --add-modules javafx.controls App.java

Host: Intel(R) N150, 4 cores, 15G,  Windows 11 , 64 bit Build 26100 (10.0.26100.8246)
Time: Wed May 20 15:49:25 2026 E. Africa Standard Time elapsed time: 0.168511 seconds (0d 0h 0m 0s)

---------------  T H R E A D  ---------------

Current thread (0x000002b53273d350):  JavaThread "Unknown thread" [_thread_in_vm, id=42124, stack(0x000000d1f0500000,0x000000d1f0600000)]

Stack: [0x000000d1f0500000,0x000000d1f0600000]
Native frames: (J=compiled Java code, j=interpreted, Vv=VM code, C=native code)
V  [jvm.dll+0x67a04a]
V  [jvm.dll+0x7da4ed]
V  [jvm.dll+0x7dbe33]
V  [jvm.dll+0x7dc4a3]
V  [jvm.dll+0x24508f]
V  [jvm.dll+0xa5e2b]
V  [jvm.dll+0x2d4e37]
V  [jvm.dll+0x7ac9ec]
V  [jvm.dll+0x367591]
V  [jvm.dll+0x78b999]
V  [jvm.dll+0x3ec83f]
V  [jvm.dll+0x3ee471]
C  [jli.dll+0x5297]
C  [ucrtbase.dll+0x37b0]
C  [KERNEL32.DLL+0x2e8d7]
C  [ntdll.dll+0x8c3fc]


---------------  P R O C E S S  ---------------

Threads class SMR info:
_java_thread_list=0x00007ff8a4387a18, length=0, elements={
}

Java Threads: ( => current thread )

Other Threads:

=>0x000002b53273d350 (exited) JavaThread "Unknown thread" [_thread_in_vm, id=42124, stack(0x000000d1f0500000,0x000000d1f0600000)]

Threads with active compile tasks:

VM state: not at safepoint (not fully initialized)

VM Mutex/Monitor currently owned by a thread: None

Heap address: 0x0000000000000000, size: 0 MB, Compressed Oops mode: 32-bit

CDS archive(s) mapped at: [0x0000000000000000-0x0000000000000000-0x0000000000000000), size 0, SharedBaseAddress: 0x0000000800000000, ArchiveRelocationMode: 1.
Narrow klass base: 0x0000000000000000, Narrow klass shift: 0, Narrow klass range: 0x0

GC Precious Log:
<Empty>

GC Heap History (0 events):
No events

Deoptimization events (0 events):
No events

Classes unloaded (0 events):
No events

Classes redefined (0 events):
No events

Internal exceptions (0 events):
No events

VM Operations (0 events):
No events

Events (1 events):
Event: 0.014 Loaded shared library C:\Users\Soliyana Kibrom\Downloads\jdk-17.0.12_windows-x64_bin\jdk-17.0.12\bin\java.dll


Dynamic libraries:
0x00007ff7edcf0000 - 0x00007ff7edcf8000 	C:\Users\Soliyana Kibrom\Downloads\jdk-17.0.12_windows-x64_bin\jdk-17.0.12\bin\javac.exe
0x00007ff958fe0000 - 0x00007ff959247000 	C:\windows\SYSTEM32\ntdll.dll
0x00007ff958370000 - 0x00007ff958439000 	C:\windows\System32\KERNEL32.DLL
0x00007ff955ba0000 - 0x00007ff955f94000 	C:\windows\System32\KERNELBASE.dll
0x00007ff9558b0000 - 0x00007ff9559fb000 	C:\windows\System32\ucrtbase.dll
0x00007ff925e60000 - 0x00007ff925e79000 	C:\Users\Soliyana Kibrom\Downloads\jdk-17.0.12_windows-x64_bin\jdk-17.0.12\bin\jli.dll
0x00007ff93d9b0000 - 0x00007ff93d9cb000 	C:\Users\Soliyana Kibrom\Downloads\jdk-17.0.12_windows-x64_bin\jdk-17.0.12\bin\VCRUNTIME140.dll
0x00007ff958440000 - 0x00007ff9584f6000 	C:\windows\System32\ADVAPI32.dll
0x00007ff956e30000 - 0x00007ff956ed9000 	C:\windows\System32\msvcrt.dll
0x00007ff958ee0000 - 0x00007ff958f87000 	C:\windows\System32\sechost.dll
0x00007ff957500000 - 0x00007ff957618000 	C:\windows\System32\RPCRT4.dll
0x00007ff9572b0000 - 0x00007ff957475000 	C:\windows\System32\USER32.dll
0x00007ff955b70000 - 0x00007ff955b97000 	C:\windows\System32\win32u.dll
0x00007ff958e50000 - 0x00007ff958e7b000 	C:\windows\System32\GDI32.dll
0x00007ff92e8c0000 - 0x00007ff92eb53000 	C:\windows\WinSxS\amd64_microsoft.windows.common-controls_6595b64144ccf1df_6.0.26100.8115_none_3e075c82e3354f9c\COMCTL32.dll
0x00007ff955fa0000 - 0x00007ff9560cb000 	C:\windows\System32\gdi32full.dll
0x00007ff955a00000 - 0x00007ff955aa3000 	C:\windows\System32\msvcp_win.dll
0x00007ff93ea60000 - 0x00007ff93ea6b000 	C:\windows\SYSTEM32\VERSION.dll
0x00007ff956ee0000 - 0x00007ff956f12000 	C:\windows\System32\IMM32.DLL
0x00007ff92d290000 - 0x00007ff92d29c000 	C:\Users\Soliyana Kibrom\Downloads\jdk-17.0.12_windows-x64_bin\jdk-17.0.12\bin\vcruntime140_1.dll
0x00007ff90d920000 - 0x00007ff90d9ae000 	C:\Users\Soliyana Kibrom\Downloads\jdk-17.0.12_windows-x64_bin\jdk-17.0.12\bin\msvcp140.dll
0x00007ff8a38d0000 - 0x00007ff8a44b0000 	C:\Users\Soliyana Kibrom\Downloads\jdk-17.0.12_windows-x64_bin\jdk-17.0.12\bin\server\jvm.dll
0x00007ff957480000 - 0x00007ff957488000 	C:\windows\System32\PSAPI.DLL
0x00007ff8c3f70000 - 0x00007ff8c3f7a000 	C:\windows\SYSTEM32\WSOCK32.dll
0x00007ff958030000 - 0x00007ff9580b0000 	C:\windows\System32\WS2_32.dll
0x00007ff9528e0000 - 0x00007ff952916000 	C:\windows\SYSTEM32\WINMM.dll
0x00007ff954640000 - 0x00007ff95465b000 	C:\windows\SYSTEM32\kernel.appcore.dll
0x00007ff92d1a0000 - 0x00007ff92d1aa000 	C:\Users\Soliyana Kibrom\Downloads\jdk-17.0.12_windows-x64_bin\jdk-17.0.12\bin\jimage.dll
0x00007ff9536e0000 - 0x00007ff953922000 	C:\windows\SYSTEM32\DBGHELP.DLL
0x00007ff956f20000 - 0x00007ff9572a2000 	C:\windows\System32\combase.dll
0x00007ff957630000 - 0x00007ff957708000 	C:\windows\System32\OLEAUT32.dll
0x00007ff92e020000 - 0x00007ff92e05b000 	C:\windows\SYSTEM32\dbgcore.DLL
0x00007ff9560d0000 - 0x00007ff956175000 	C:\windows\System32\bcryptPrimitives.dll
0x00007ff92b7f0000 - 0x00007ff92b815000 	C:\Users\Soliyana Kibrom\Downloads\jdk-17.0.12_windows-x64_bin\jdk-17.0.12\bin\java.dll

dbghelp: loaded successfully - version: 4.0.5 - missing functions: none
symbol engine: initialized successfully - sym options: 0x614 - pdb path: .;C:\Users\Soliyana Kibrom\Downloads\jdk-17.0.12_windows-x64_bin\jdk-17.0.12\bin;C:\windows\SYSTEM32;C:\windows\WinSxS\amd64_microsoft.windows.common-controls_6595b64144ccf1df_6.0.26100.8115_none_3e075c82e3354f9c;C:\Users\Soliyana Kibrom\Downloads\jdk-17.0.12_windows-x64_bin\jdk-17.0.12\bin\server

VM Arguments:
jvm_args: -Dapplication.home=C:\Users\Soliyana Kibrom\Downloads\jdk-17.0.12_windows-x64_bin\jdk-17.0.12 --add-modules=ALL-DEFAULT -Xms8m -Djdk.module.main=jdk.compiler 
java_command: jdk.compiler/com.sun.tools.javac.Main --module-path C:\Users\Soliyana Kibrom\Downloads\javafx-sdk-17.0.1-main\javafx-sdk-17.0.1-main\lib --add-modules javafx.controls App.java
java_class_path (initial): <not set>
Launcher Type: SUN_STANDARD

[Global flags]
     intx CICompilerCount                          = 3                                         {product} {ergonomic}
     uint ConcGCThreads                            = 1                                         {product} {ergonomic}
     uint G1ConcRefinementThreads                  = 4                                         {product} {ergonomic}
   size_t G1HeapRegionSize                         = 2097152                                   {product} {ergonomic}
    uintx GCDrainStackTargetSize                   = 64                                        {product} {ergonomic}
   size_t InitialHeapSize                          = 8388608                                   {product} {command line}
   size_t MarkStackSize                            = 4194304                                   {product} {ergonomic}
   size_t MaxHeapSize                              = 4204789760                                {product} {ergonomic}
   size_t MinHeapDeltaBytes                        = 2097152                                   {product} {ergonomic}
   size_t MinHeapSize                              = 8388608                                   {product} {command line}
    uintx NonNMethodCodeHeapSize                   = 5832780                                {pd product} {ergonomic}
    uintx NonProfiledCodeHeapSize                  = 122912730                              {pd product} {ergonomic}
    uintx ProfiledCodeHeapSize                     = 122912730                              {pd product} {ergonomic}
    uintx ReservedCodeCacheSize                    = 251658240                              {pd product} {ergonomic}
     bool SegmentedCodeCache                       = true                                      {product} {ergonomic}
   size_t SoftMaxHeapSize                          = 4204789760                             {manageable} {ergonomic}
     bool UseCompressedClassPointers               = true                           {product lp64_product} {ergonomic}
     bool UseCompressedOops                        = true                           {product lp64_product} {ergonomic}
     bool UseG1GC                                  = true                                      {product} {ergonomic}
     bool UseLargePagesIndividualAllocation        = false                                  {pd product} {ergonomic}

Logging:
Log output configuration:
 #0: stdout all=warning uptime,level,tags
 #1: stderr all=off uptime,level,tags

Environment Variables:
JAVA_HOME=C:\Users\Soliyana Kibrom\Downloads\openlogic-openjdk-17.0.17+10-windows-x64\openlogic-openjdk-17.0.17+10-windows-x64
PATH=%PATH%;C:\Users\Soliyana Kibrom\Downloads\jdk-17.0.12_windows-x64_bin\jdk-17.0.12\bin;C:\windows\system32;C:\windows;C:\windows\System32\Wbem;C:\windows\System32\WindowsPowerShell\v1.0\;C:\windows\System32\OpenSSH\;C:\Program Files\HP\HP One Agent;C:\Program Files\nodejs\;C:\ProgramData\chocolatey\bin;C:\Users\Soliyana Kibrom\AppData\Local\bin;C:\src\suiup-Windows-msvc-arm64;C:\Program Files\Git\cmd;C:\Users\Soliyana Kibrom\AppData\Local\Microsoft\WindowsApps;C:\Users\Soliyana Kibrom\AppData\Roaming\npm;C:\Users\Soliyana Kibrom\AppData\Local\Programs\Microsoft VS Code\bin;C:\Users\Soliyana Kibrom\Downloads\openlogic-openjdk-17.0.17+10-windows-x64\openlogic-openjdk-17.0.17+10-windows-x64\bin;C:\Users\Soliyana Kibrom\OneDrive\Attachments\maven-mvnd-1.0.3-windows-amd64\bin;;C:\Users\Soliyana Kibrom\OneDrive\Attachments\maven-mvnd-1.0.3-windows-amd64\mvn\bin
USERNAME=Soliyana Kibrom
OS=Windows_NT
PROCESSOR_IDENTIFIER=Intel64 Family 6 Model 190 Stepping 0, GenuineIntel



---------------  S Y S T E M  ---------------

OS:
 Windows 11 , 64 bit Build 26100 (10.0.26100.8246)
OS uptime: 1 days 19:57 hours
Hyper-V role detected

CPU: total 4 (initial active 4) (4 cores per cpu, 1 threads per core) family 6 model 190 stepping 0 microcode 0x1a, cx8, cmov, fxsr, mmx, 3dnowpref, sse, sse2, sse3, ssse3, sse4.1, sse4.2, popcnt, lzcnt, tsc, tscinvbit, avx, avx2, aes, erms, clmul, bmi1, bmi2, adx, sha, fma, vzeroupper, clflush, clflushopt, clwb, hv

Memory: 4k page, system-wide physical 16039M (929M free)
TotalPageFile size 31168M (AvailPageFile size 8M)
current process WorkingSet (physical memory assigned to process): 11M, peak: 11M
current process commit charge ("private bytes"): 12M, peak: 13M

vm_info: Java HotSpot(TM) 64-Bit Server VM (17.0.12+8-LTS-286) for windows-amd64 JRE (17.0.12+8-LTS-286), built on Jun  5 2024 06:46:59 by "mach5one" with MS VC++ 17.6 (VS2022)

END.
