#
# There is insufficient memory for the Java Runtime Environment to continue.
# Native memory allocation (malloc) failed to allocate 406736 bytes. Error detail: Chunk::new
# Possible reasons:
#   The system is out of physical RAM or swap space
#   This process is running with CompressedOops enabled, and the Java Heap may be blocking the growth of the native heap
# Possible solutions:
#   Reduce memory load on the system
#   Increase physical memory or swap space
#   Check if swap backing store is full
#   Decrease Java heap size (-Xmx/-Xms)
#   Decrease number of Java threads
#   Decrease Java thread stack sizes (-Xss)
#   Set larger code cache with -XX:ReservedCodeCacheSize=
#   JVM is running with Unscaled Compressed Oops mode in which the Java heap is
#     placed in the first 4GB address space. The Java Heap base address is the
#     maximum limit for the native heap growth. Please use -XX:HeapBaseMinAddress
#     to set the Java Heap base and to place the Java Heap above 4GB virtual address.
# This output file may be truncated or incomplete.
#
#  Out of Memory Error (arena.cpp:168), pid=32464, tid=13068
#
# JRE version: OpenJDK Runtime Environment Temurin-21.0.10+7 (21.0.10+7) (build 21.0.10+7-LTS)
# Java VM: OpenJDK 64-Bit Server VM Temurin-21.0.10+7 (21.0.10+7-LTS, mixed mode, sharing, tiered, compressed oops, compressed class ptrs, parallel gc, windows-amd64)
# No core dump will be written. Minidumps are not enabled by default on client versions of Windows
#

---------------  S U M M A R Y ------------

Command Line: --add-modules=ALL-SYSTEM --add-opens=java.base/java.util=ALL-UNNAMED --add-opens=java.base/java.lang=ALL-UNNAMED --add-opens=java.base/sun.nio.fs=ALL-UNNAMED -Declipse.application=org.eclipse.jdt.ls.core.id1 -Dosgi.bundles.defaultStartLevel=4 -Declipse.product=org.eclipse.jdt.ls.core.product -Djava.import.generatesMetadataFilesAtProjectRoot=false -DDetectVMInstallationsJob.disabled=true -Dfile.encoding=utf8 -XX:+UseParallelGC -XX:GCTimeRatio=4 -XX:AdaptiveSizePolicyWeight=90 -Dsun.zip.disableMemoryMapping=true -Xmx2G -Xms100m -Xlog:disable -javaagent:c:\Users\Soliyana Kibrom\.vscode\extensions\redhat.java-1.54.0-win32-x64\lombok\lombok-1.18.39-4050.jar -XX:+HeapDumpOnOutOfMemoryError -XX:HeapDumpPath=c:\Users\Soliyana Kibrom\AppData\Roaming\Code\User\workspaceStorage\591bd8e9b1d13dc199d32e0ac141c9d6\redhat.java -Daether.dependencyCollector.impl=bf c:\Users\Soliyana Kibrom\.vscode\extensions\redhat.java-1.54.0-win32-x64\server\plugins\org.eclipse.equinox.launcher_1.7.100.v20251111-0406.jar -configuration c:\Users\Soliyana Kibrom\AppData\Roaming\Code\User\globalStorage\redhat.java\1.54.0\config_win -data c:\Users\Soliyana Kibrom\AppData\Roaming\Code\User\workspaceStorage\591bd8e9b1d13dc199d32e0ac141c9d6\redhat.java\jdt_ws --pipe=\\.\pipe\lsp-c251a73aab5bd565a012f5a984300017-sock

Host: Intel(R) N150, 4 cores, 15G,  Windows 11 , 64 bit Build 26100 (10.0.26100.8246)
Time: Tue Apr 28 21:29:49 2026 E. Africa Standard Time elapsed time: 8.759578 seconds (0d 0h 0m 8s)

---------------  T H R E A D  ---------------

Current thread (0x000001ca62c68fd0):  JavaThread "C2 CompilerThread0" daemon [_thread_in_native, id=13068, stack(0x0000009c52700000,0x0000009c52800000) (1024K)]


Current CompileTask:
C2:8759 2385   !   4       java.util.jar.Attributes::read (494 bytes)

Stack: [0x0000009c52700000,0x0000009c52800000]
Native frames: (J=compiled Java code, j=interpreted, Vv=VM code, C=native code)
V  [jvm.dll+0x6d7a39]
V  [jvm.dll+0x8b4b26]
V  [jvm.dll+0x8b70de]
V  [jvm.dll+0x8b77c3]
V  [jvm.dll+0x284346]
V  [jvm.dll+0xc66ed]
V  [jvm.dll+0xc6c31]
V  [jvm.dll+0x2fb29e]
V  [jvm.dll+0x5fe884]
V  [jvm.dll+0x255b17]
V  [jvm.dll+0x255edd]
V  [jvm.dll+0x24e500]
V  [jvm.dll+0x24ba42]
V  [jvm.dll+0x1cb34e]
V  [jvm.dll+0x25b85d]
V  [jvm.dll+0x259dea]
V  [jvm.dll+0x3f857e]
V  [jvm.dll+0x85f59d]
V  [jvm.dll+0x6d626d]
C  [ucrtbase.dll+0x37b0]
C  [KERNEL32.DLL+0x2e8d7]
C  [ntdll.dll+0x8c3fc]


---------------  P R O C E S S  ---------------

Threads class SMR info:
_java_thread_list=0x000001ca7a4d5d80, length=16, elements={
0x000001ca60a492c0, 0x000001ca62e2b7c0, 0x000001ca62e2e2b0, 0x000001ca62c64260,
0x000001ca62c64cc0, 0x000001ca62c65720, 0x000001ca62c66180, 0x000001ca62c68fd0,
0x000001ca62c8b820, 0x000001ca7a462130, 0x000001ca7a566990, 0x000001ca7ac11030,
0x000001ca7acac390, 0x000001ca7a75a030, 0x000001ca7a75aa70, 0x000001ca7acfcfc0
}

Java Threads: ( => current thread )
  0x000001ca60a492c0 JavaThread "main"                              [_thread_blocked, id=25848, stack(0x0000009c51d00000,0x0000009c51e00000) (1024K)]
  0x000001ca62e2b7c0 JavaThread "Reference Handler"          daemon [_thread_blocked, id=2184, stack(0x0000009c52100000,0x0000009c52200000) (1024K)]
  0x000001ca62e2e2b0 JavaThread "Finalizer"                  daemon [_thread_blocked, id=24356, stack(0x0000009c52200000,0x0000009c52300000) (1024K)]
  0x000001ca62c64260 JavaThread "Signal Dispatcher"          daemon [_thread_blocked, id=2232, stack(0x0000009c52300000,0x0000009c52400000) (1024K)]
  0x000001ca62c64cc0 JavaThread "Attach Listener"            daemon [_thread_blocked, id=31740, stack(0x0000009c52400000,0x0000009c52500000) (1024K)]
  0x000001ca62c65720 JavaThread "Service Thread"             daemon [_thread_blocked, id=25680, stack(0x0000009c52500000,0x0000009c52600000) (1024K)]
  0x000001ca62c66180 JavaThread "Monitor Deflation Thread"   daemon [_thread_blocked, id=18720, stack(0x0000009c52600000,0x0000009c52700000) (1024K)]
=>0x000001ca62c68fd0 JavaThread "C2 CompilerThread0"         daemon [_thread_in_native, id=13068, stack(0x0000009c52700000,0x0000009c52800000) (1024K)]
  0x000001ca62c8b820 JavaThread "C1 CompilerThread0"         daemon [_thread_blocked, id=26368, stack(0x0000009c52800000,0x0000009c52900000) (1024K)]
  0x000001ca7a462130 JavaThread "Common-Cleaner"             daemon [_thread_blocked, id=26984, stack(0x0000009c52900000,0x0000009c52a00000) (1024K)]
  0x000001ca7a566990 JavaThread "Notification Thread"        daemon [_thread_blocked, id=23716, stack(0x0000009c52a00000,0x0000009c52b00000) (1024K)]
  0x000001ca7ac11030 JavaThread "Active Thread: Equinox Container: af83ddcb-310e-4ad7-90d2-b5f6318b39df"        [_thread_blocked, id=13924, stack(0x0000009c52e00000,0x0000009c52f00000) (1024K)]
  0x000001ca7acac390 JavaThread "Refresh Thread: Equinox Container: af83ddcb-310e-4ad7-90d2-b5f6318b39df" daemon [_thread_blocked, id=21624, stack(0x0000009c52f00000,0x0000009c53000000) (1024K)]
  0x000001ca7a75a030 JavaThread "Framework Event Dispatcher: Equinox Container: af83ddcb-310e-4ad7-90d2-b5f6318b39df" daemon [_thread_blocked, id=23856, stack(0x0000009c53000000,0x0000009c53100000) (1024K)]
  0x000001ca7a75aa70 JavaThread "Start Level: Equinox Container: af83ddcb-310e-4ad7-90d2-b5f6318b39df" daemon [_thread_blocked, id=24508, stack(0x0000009c53100000,0x0000009c53200000) (1024K)]
  0x000001ca7acfcfc0 JavaThread "Bundle File Closer"         daemon [_thread_blocked, id=25692, stack(0x0000009c53200000,0x0000009c53300000) (1024K)]
Total: 16

Other Threads:
  0x000001ca62e109a0 VMThread "VM Thread"                           [id=5984, stack(0x0000009c52000000,0x0000009c52100000) (1024K)]
  0x000001ca62bfca00 WatcherThread "VM Periodic Task Thread"        [id=648, stack(0x0000009c51f00000,0x0000009c52000000) (1024K)]
  0x000001ca62d8a6a0 WorkerThread "GC Thread#0"                     [id=32420, stack(0x0000009c51e00000,0x0000009c51f00000) (1024K)]
  0x000001ca7a79e050 WorkerThread "GC Thread#1"                     [id=27388, stack(0x0000009c52b00000,0x0000009c52c00000) (1024K)]
  0x000001ca7a6db470 WorkerThread "GC Thread#2"                     [id=33664, stack(0x0000009c52c00000,0x0000009c52d00000) (1024K)]
  0x000001ca7a79ef70 WorkerThread "GC Thread#3"                     [id=26784, stack(0x0000009c52d00000,0x0000009c52e00000) (1024K)]
Total: 6

Threads with active compile tasks:
C2 CompilerThread0  8826 2385   !   4       java.util.jar.Attributes::read (494 bytes)
Total: 1

VM state: not at safepoint (normal execution)

VM Mutex/Monitor currently owned by a thread: None

Heap address: 0x0000000080000000, size: 2048 MB, Compressed Oops mode: 32-bit

CDS archive(s) mapped at: [0x000001ca00000000-0x000001ca00ba0000-0x000001ca00ba0000), size 12189696, SharedBaseAddress: 0x000001ca00000000, ArchiveRelocationMode: 1.
Compressed class space mapped at: 0x000001ca01000000-0x000001ca41000000, reserved size: 1073741824
Narrow klass base: 0x000001ca00000000, Narrow klass shift: 0, Narrow klass range: 0x100000000

GC Precious Log:
 CardTable entry size: 512
 CPUs: 4 total, 4 available
 Memory: 16039M
 Large Page Support: Disabled
 NUMA Support: Disabled
 Compressed Oops: Enabled (32-bit)
 Alignments: Space 512K, Generation 512K, Heap 2M
 Heap Min Capacity: 100M
 Heap Initial Capacity: 100M
 Heap Max Capacity: 2G
 Pre-touch: Disabled
 Parallel Workers: 4

Heap:
 PSYoungGen      total 29696K, used 16890K [0x00000000d5580000, 0x00000000d7680000, 0x0000000100000000)
  eden space 25600K, 50% used [0x00000000d5580000,0x00000000d6202d40,0x00000000d6e80000)
  from space 4096K, 99% used [0x00000000d6e80000,0x00000000d727be30,0x00000000d7280000)
  to   space 4096K, 0% used [0x00000000d7280000,0x00000000d7280000,0x00000000d7680000)
 ParOldGen       total 68608K, used 4977K [0x0000000080000000, 0x0000000084300000, 0x00000000d5580000)
  object space 68608K, 7% used [0x0000000080000000,0x00000000804dc428,0x0000000084300000)
 Metaspace       used 9613K, committed 9920K, reserved 1114112K
  class space    used 1006K, committed 1152K, reserved 1048576K

Card table byte_map: [0x000001ca62710000,0x000001ca62b20000] _byte_map_base: 0x000001ca62310000

Marking Bits: (ParMarkBitMap*) 0x00007ffb8bca3450
 Begin Bits: [0x000001ca75220000, 0x000001ca77220000)
 End Bits:   [0x000001ca77220000, 0x000001ca79220000)

Polling page: 0x000001ca60bf0000

Metaspace:

Usage:
  Non-class:      8.41 MB used.
      Class:   1006.12 KB used.
       Both:      9.39 MB used.

Virtual space:
  Non-class space:       64.00 MB reserved,       8.56 MB ( 13%) committed,  1 nodes.
      Class space:        1.00 GB reserved,       1.12 MB ( <1%) committed,  1 nodes.
             Both:        1.06 GB reserved,       9.69 MB ( <1%) committed. 

Chunk freelists:
   Non-Class:  6.64 MB
       Class:  14.79 MB
        Both:  21.43 MB

MaxMetaspaceSize: unlimited
CompressedClassSpaceSize: 1.00 GB
Initial GC threshold: 21.00 MB
Current GC threshold: 21.00 MB
CDS: on
 - commit_granule_bytes: 65536.
 - commit_granule_words: 8192.
 - virtual_space_node_default_size: 8388608.
 - enlarge_chunks_in_place: 1.
 - use_allocation_guard: 0.


Internal statistics:

num_allocs_failed_limit: 0.
num_arena_births: 256.
num_arena_deaths: 0.
num_vsnodes_births: 2.
num_vsnodes_deaths: 0.
num_space_committed: 155.
num_space_uncommitted: 0.
num_chunks_returned_to_freelist: 0.
num_chunks_taken_from_freelist: 511.
num_chunk_merges: 0.
num_chunk_splits: 320.
num_chunks_enlarged: 210.
num_inconsistent_stats: 0.

CodeHeap 'non-profiled nmethods': size=120000Kb used=1066Kb max_used=1066Kb free=118933Kb
 bounds [0x000001ca6da40000, 0x000001ca6dcb0000, 0x000001ca74f70000]
CodeHeap 'profiled nmethods': size=120000Kb used=4659Kb max_used=4659Kb free=115340Kb
 bounds [0x000001ca65f70000, 0x000001ca66400000, 0x000001ca6d4a0000]
CodeHeap 'non-nmethods': size=5760Kb used=1230Kb max_used=1255Kb free=4529Kb
 bounds [0x000001ca6d4a0000, 0x000001ca6d710000, 0x000001ca6da40000]
CodeCache: size=245760Kb, used=6955Kb, max_used=6980Kb, free=238802Kb
 total_blobs=2879, nmethods=2386, adapters=399, full_count=0
Compilation: enabled, stopped_count=0, restarted_count=0

Compilation events (20 events):
Event: 8.555 Thread 0x000001ca62c8b820 nmethod 2379 0x000001ca663e7710 code [0x000001ca663e78e0, 0x000001ca663e7b18]
Event: 8.558 Thread 0x000001ca62c8b820 2380       3       java.util.AbstractList::listIterator (6 bytes)
Event: 8.558 Thread 0x000001ca62c8b820 nmethod 2380 0x000001ca663e7c90 code [0x000001ca663e7e40, 0x000001ca663e8018]
Event: 8.559 Thread 0x000001ca62c8b820 2381       3       org.eclipse.osgi.container.ModuleWiring::getProvidedWires (13 bytes)
Event: 8.560 Thread 0x000001ca62c8b820 nmethod 2381 0x000001ca663e8090 code [0x000001ca663e82e0, 0x000001ca663e8c98]
Event: 8.560 Thread 0x000001ca62c8b820 2382       3       org.eclipse.osgi.internal.container.InternalUtils::asCopy (32 bytes)
Event: 8.560 Thread 0x000001ca62c8b820 nmethod 2382 0x000001ca663e8f90 code [0x000001ca663e9180, 0x000001ca663e9730]
Event: 8.560 Thread 0x000001ca62c8b820 2383       3       org.eclipse.osgi.internal.container.InternalUtils$CopyOnFirstWriteList::<init> (18 bytes)
Event: 8.560 Thread 0x000001ca62c8b820 nmethod 2383 0x000001ca663e9910 code [0x000001ca663e9ac0, 0x000001ca663e9d68]
Event: 8.560 Thread 0x000001ca62c8b820 2384   !   3       org.eclipse.osgi.internal.framework.EquinoxBundle::adapt0 (939 bytes)
Event: 8.572 Thread 0x000001ca62c8b820 nmethod 2384 0x000001ca663e9e90 code [0x000001ca663eada0, 0x000001ca663f43f8]
Event: 8.685 Thread 0x000001ca62c68fd0 2385   !   4       java.util.jar.Attributes::read (494 bytes)
Event: 8.685 Thread 0x000001ca62c8b820 2386       3       java.util.ResourceBundle::setParent (27 bytes)
Event: 8.686 Thread 0x000001ca62c8b820 nmethod 2386 0x000001ca663f8110 code [0x000001ca663f82a0, 0x000001ca663f83d8]
Event: 8.686 Thread 0x000001ca62c8b820 2387   !   3       org.eclipse.osgi.storage.BundleInfo$Generation::getRawHeaders (323 bytes)
Event: 8.688 Thread 0x000001ca62c8b820 nmethod 2387 0x000001ca663f8490 code [0x000001ca663f8960, 0x000001ca663fb230]
Event: 8.688 Thread 0x000001ca62c8b820 2388       3       aQute.bnd.stream.EntryPipeline::<init> (16 bytes)
Event: 8.688 Thread 0x000001ca62c8b820 nmethod 2388 0x000001ca663fc710 code [0x000001ca663fc8e0, 0x000001ca663fccd0]
Event: 8.688 Thread 0x000001ca62c8b820 2390       1       org.eclipse.osgi.storage.BundleInfo$Generation::getHeaders (5 bytes)
Event: 8.688 Thread 0x000001ca62c8b820 nmethod 2390 0x000001ca6db4a890 code [0x000001ca6db4aa20, 0x000001ca6db4aae8]

GC Heap History (6 events):
Event: 2.190 GC heap before
{Heap before GC invocations=1 (full 0):
 PSYoungGen      total 29696K, used 25600K [0x00000000d5580000, 0x00000000d7680000, 0x0000000100000000)
  eden space 25600K, 100% used [0x00000000d5580000,0x00000000d6e80000,0x00000000d6e80000)
  from space 4096K, 0% used [0x00000000d7280000,0x00000000d7280000,0x00000000d7680000)
  to   space 4096K, 0% used [0x00000000d6e80000,0x00000000d6e80000,0x00000000d7280000)
 ParOldGen       total 68608K, used 0K [0x0000000080000000, 0x0000000084300000, 0x00000000d5580000)
  object space 68608K, 0% used [0x0000000080000000,0x0000000080000000,0x0000000084300000)
 Metaspace       used 4362K, committed 4608K, reserved 1114112K
  class space    used 473K, committed 576K, reserved 1048576K
}
Event: 2.200 GC heap after
{Heap after GC invocations=1 (full 0):
 PSYoungGen      total 29696K, used 3280K [0x00000000d5580000, 0x00000000d7680000, 0x0000000100000000)
  eden space 25600K, 0% used [0x00000000d5580000,0x00000000d5580000,0x00000000d6e80000)
  from space 4096K, 80% used [0x00000000d6e80000,0x00000000d71b4148,0x00000000d7280000)
  to   space 4096K, 0% used [0x00000000d7280000,0x00000000d7280000,0x00000000d7680000)
 ParOldGen       total 68608K, used 8K [0x0000000080000000, 0x0000000084300000, 0x00000000d5580000)
  object space 68608K, 0% used [0x0000000080000000,0x0000000080002000,0x0000000084300000)
 Metaspace       used 4362K, committed 4608K, reserved 1114112K
  class space    used 473K, committed 576K, reserved 1048576K
}
Event: 5.734 GC heap before
{Heap before GC invocations=2 (full 0):
 PSYoungGen      total 29696K, used 28880K [0x00000000d5580000, 0x00000000d7680000, 0x0000000100000000)
  eden space 25600K, 100% used [0x00000000d5580000,0x00000000d6e80000,0x00000000d6e80000)
  from space 4096K, 80% used [0x00000000d6e80000,0x00000000d71b4148,0x00000000d7280000)
  to   space 4096K, 0% used [0x00000000d7280000,0x00000000d7280000,0x00000000d7680000)
 ParOldGen       total 68608K, used 8K [0x0000000080000000, 0x0000000084300000, 0x00000000d5580000)
  object space 68608K, 0% used [0x0000000080000000,0x0000000080002000,0x0000000084300000)
 Metaspace       used 8021K, committed 8256K, reserved 1114112K
  class space    used 831K, committed 960K, reserved 1048576K
}
Event: 5.743 GC heap after
{Heap after GC invocations=2 (full 0):
 PSYoungGen      total 29696K, used 4086K [0x00000000d5580000, 0x00000000d7680000, 0x0000000100000000)
  eden space 25600K, 0% used [0x00000000d5580000,0x00000000d5580000,0x00000000d6e80000)
  from space 4096K, 99% used [0x00000000d7280000,0x00000000d767d810,0x00000000d7680000)
  to   space 4096K, 0% used [0x00000000d6e80000,0x00000000d6e80000,0x00000000d7280000)
 ParOldGen       total 68608K, used 2023K [0x0000000080000000, 0x0000000084300000, 0x00000000d5580000)
  object space 68608K, 2% used [0x0000000080000000,0x00000000801f9e58,0x0000000084300000)
 Metaspace       used 8021K, committed 8256K, reserved 1114112K
  class space    used 831K, committed 960K, reserved 1048576K
}
Event: 7.863 GC heap before
{Heap before GC invocations=3 (full 0):
 PSYoungGen      total 29696K, used 29686K [0x00000000d5580000, 0x00000000d7680000, 0x0000000100000000)
  eden space 25600K, 100% used [0x00000000d5580000,0x00000000d6e80000,0x00000000d6e80000)
  from space 4096K, 99% used [0x00000000d7280000,0x00000000d767d810,0x00000000d7680000)
  to   space 4096K, 0% used [0x00000000d6e80000,0x00000000d6e80000,0x00000000d7280000)
 ParOldGen       total 68608K, used 2023K [0x0000000080000000, 0x0000000084300000, 0x00000000d5580000)
  object space 68608K, 2% used [0x0000000080000000,0x00000000801f9e58,0x0000000084300000)
 Metaspace       used 9495K, committed 9792K, reserved 1114112K
  class space    used 1006K, committed 1152K, reserved 1048576K
}
Event: 7.874 GC heap after
{Heap after GC invocations=3 (full 0):
 PSYoungGen      total 29696K, used 4079K [0x00000000d5580000, 0x00000000d7680000, 0x0000000100000000)
  eden space 25600K, 0% used [0x00000000d5580000,0x00000000d5580000,0x00000000d6e80000)
  from space 4096K, 99% used [0x00000000d6e80000,0x00000000d727be30,0x00000000d7280000)
  to   space 4096K, 0% used [0x00000000d7280000,0x00000000d7280000,0x00000000d7680000)
 ParOldGen       total 68608K, used 4977K [0x0000000080000000, 0x0000000084300000, 0x00000000d5580000)
  object space 68608K, 7% used [0x0000000080000000,0x00000000804dc428,0x0000000084300000)
 Metaspace       used 9495K, committed 9792K, reserved 1114112K
  class space    used 1006K, committed 1152K, reserved 1048576K
}

Dll operation events (9 events):
Event: 0.026 Loaded shared library c:\Users\Soliyana Kibrom\.vscode\extensions\redhat.java-1.54.0-win32-x64\jre\21.0.10-win32-x86_64\bin\java.dll
Event: 0.201 Loaded shared library c:\Users\Soliyana Kibrom\.vscode\extensions\redhat.java-1.54.0-win32-x64\jre\21.0.10-win32-x86_64\bin\zip.dll
Event: 0.236 Loaded shared library C:\Users\Soliyana Kibrom\.vscode\extensions\redhat.java-1.54.0-win32-x64\jre\21.0.10-win32-x86_64\bin\instrument.dll
Event: 0.243 Loaded shared library C:\Users\Soliyana Kibrom\.vscode\extensions\redhat.java-1.54.0-win32-x64\jre\21.0.10-win32-x86_64\bin\net.dll
Event: 0.249 Loaded shared library C:\Users\Soliyana Kibrom\.vscode\extensions\redhat.java-1.54.0-win32-x64\jre\21.0.10-win32-x86_64\bin\nio.dll
Event: 0.253 Loaded shared library C:\Users\Soliyana Kibrom\.vscode\extensions\redhat.java-1.54.0-win32-x64\jre\21.0.10-win32-x86_64\bin\zip.dll
Event: 0.425 Loaded shared library C:\Users\Soliyana Kibrom\.vscode\extensions\redhat.java-1.54.0-win32-x64\jre\21.0.10-win32-x86_64\bin\jimage.dll
Event: 0.610 Loaded shared library c:\Users\Soliyana Kibrom\.vscode\extensions\redhat.java-1.54.0-win32-x64\jre\21.0.10-win32-x86_64\bin\verify.dll
Event: 5.835 Loaded shared library C:\Users\Soliyana Kibrom\AppData\Roaming\Code\User\globalStorage\redhat.java\1.54.0\config_win\org.eclipse.equinox.launcher\org.eclipse.equinox.launcher.win32.win32.x86_64_1.3.0.v20260203-2149\eclipse_11919.dll

Deoptimization events (20 events):
Event: 8.010 Thread 0x000001ca7a75aa70 Uncommon trap: trap_request=0xffffff45 fr.pc=0x000001ca6da4a70c relative=0x000000000000006c
Event: 8.010 Thread 0x000001ca7a75aa70 Uncommon trap: reason=unstable_if action=reinterpret pc=0x000001ca6da4a70c method=java.lang.String.isLatin1()Z @ 10 c2
Event: 8.010 Thread 0x000001ca7a75aa70 DEOPT PACKING pc=0x000001ca6da4a70c sp=0x0000009c531fdc20
Event: 8.010 Thread 0x000001ca7a75aa70 DEOPT UNPACKING pc=0x000001ca6d4f3aa2 sp=0x0000009c531fdbb0 mode 2
Event: 8.106 Thread 0x000001ca7a75aa70 Uncommon trap: trap_request=0xffffff45 fr.pc=0x000001ca6da577a0 relative=0x0000000000000100
Event: 8.106 Thread 0x000001ca7a75aa70 Uncommon trap: reason=unstable_if action=reinterpret pc=0x000001ca6da577a0 method=java.lang.StringCoding.countPositives([BII)I @ 17 c2
Event: 8.106 Thread 0x000001ca7a75aa70 DEOPT PACKING pc=0x000001ca6da577a0 sp=0x0000009c531fcfa0
Event: 8.106 Thread 0x000001ca7a75aa70 DEOPT UNPACKING pc=0x000001ca6d4f3aa2 sp=0x0000009c531fcf28 mode 2
Event: 8.112 Thread 0x000001ca7a75aa70 DEOPT PACKING pc=0x000001ca663bb649 sp=0x0000009c531fcfb0
Event: 8.112 Thread 0x000001ca7a75aa70 DEOPT UNPACKING pc=0x000001ca6d4f4242 sp=0x0000009c531fc420 mode 0
Event: 8.119 Thread 0x000001ca7a75aa70 DEOPT PACKING pc=0x000001ca663bb649 sp=0x0000009c531fcfb0
Event: 8.119 Thread 0x000001ca7a75aa70 DEOPT UNPACKING pc=0x000001ca6d4f4242 sp=0x0000009c531fc420 mode 0
Event: 8.139 Thread 0x000001ca7a75aa70 DEOPT PACKING pc=0x000001ca663bb649 sp=0x0000009c531fd020
Event: 8.139 Thread 0x000001ca7a75aa70 DEOPT UNPACKING pc=0x000001ca6d4f4242 sp=0x0000009c531fc490 mode 0
Event: 8.156 Thread 0x000001ca7a75aa70 DEOPT PACKING pc=0x000001ca663bb649 sp=0x0000009c531fcfb0
Event: 8.156 Thread 0x000001ca7a75aa70 DEOPT UNPACKING pc=0x000001ca6d4f4242 sp=0x0000009c531fc420 mode 0
Event: 8.232 Thread 0x000001ca7a75aa70 Uncommon trap: trap_request=0xffffff45 fr.pc=0x000001ca6dab51cc relative=0x000000000000018c
Event: 8.232 Thread 0x000001ca7a75aa70 Uncommon trap: reason=unstable_if action=reinterpret pc=0x000001ca6dab51cc method=java.lang.String.startsWith(Ljava/lang/String;I)Z @ 50 c2
Event: 8.232 Thread 0x000001ca7a75aa70 DEOPT PACKING pc=0x000001ca6dab51cc sp=0x0000009c531fe0c0
Event: 8.232 Thread 0x000001ca7a75aa70 DEOPT UNPACKING pc=0x000001ca6d4f3aa2 sp=0x0000009c531fdff0 mode 2

Classes loaded (20 events):
Event: 6.876 Loading class sun/util/logging/resources/logging_en
Event: 6.876 Loading class sun/util/logging/resources/logging_en done
Event: 6.876 Loading class sun/util/logging/resources/logging_en
Event: 6.876 Loading class sun/util/logging/resources/logging_en done
Event: 6.877 Loading class sun/util/logging/resources/logging_en_US
Event: 6.877 Loading class sun/util/logging/resources/logging_en_US done
Event: 6.877 Loading class sun/util/logging/resources/logging_en_US
Event: 6.877 Loading class sun/util/logging/resources/logging_en_US done
Event: 6.884 Loading class java/util/Formatter$DateTime
Event: 6.884 Loading class java/util/Formatter$DateTime done
Event: 6.884 Loading class java/util/Formatter$FixedString
Event: 6.884 Loading class java/util/Formatter$FixedString done
Event: 6.885 Loading class java/time/ZonedDateTime$1
Event: 6.885 Loading class java/time/ZonedDateTime$1 done
Event: 6.900 Loading class jdk/internal/module/ModulePatcher$PatchedModuleReader
Event: 6.900 Loading class jdk/internal/module/ModulePatcher$PatchedModuleReader done
Event: 6.909 Loading class sun/text/resources/cldr/FormatData_en
Event: 6.909 Loading class sun/text/resources/cldr/FormatData_en done
Event: 6.921 Loading class sun/text/resources/cldr/FormatData_en_US
Event: 6.921 Loading class sun/text/resources/cldr/FormatData_en_US done

Classes unloaded (0 events):
No events

Classes redefined (0 events):
No events

Internal exceptions (20 events):
Event: 2.368 Thread 0x000001ca60a492c0 Implicit null exception at 0x000001ca6da9daa9 to 0x000001ca6da9e31c
Event: 2.368 Thread 0x000001ca60a492c0 Implicit null exception at 0x000001ca6daaee9a to 0x000001ca6daaf0a0
Event: 2.380 Thread 0x000001ca60a492c0 Exception <a 'java/lang/NoSuchMethodError'{0x00000000d5745bd0}: 'void java.lang.invoke.DirectMethodHandle$Holder.invokeStatic(java.lang.Object, java.lang.Object, java.lang.Object, java.lang.Object)'> (0x00000000d5745bd0) 
thrown [s\src\hotspot\share\interpreter\linkResolver.cpp, line 773]
Event: 2.394 Thread 0x000001ca60a492c0 Implicit null exception at 0x000001ca6da9fdbc to 0x000001ca6daa0048
Event: 2.394 Thread 0x000001ca60a492c0 Implicit null exception at 0x000001ca6daaeabd to 0x000001ca6daaeb41
Event: 2.914 Thread 0x000001ca60a492c0 Exception <a 'java/lang/NoSuchMethodError'{0x00000000d59f2088}: 'void java.lang.invoke.DirectMethodHandle$Holder.invokeSpecial(java.lang.Object, java.lang.Object, java.lang.Object)'> (0x00000000d59f2088) 
thrown [s\src\hotspot\share\interpreter\linkResolver.cpp, line 773]
Event: 4.023 Thread 0x000001ca60a492c0 Exception <a 'java/lang/NoSuchMethodError'{0x00000000d64727c8}: 'int java.lang.invoke.DirectMethodHandle$Holder.invokeVirtual(java.lang.Object, java.lang.Object)'> (0x00000000d64727c8) 
thrown [s\src\hotspot\share\interpreter\linkResolver.cpp, line 773]
Event: 4.228 Thread 0x000001ca60a492c0 Exception <a 'java/lang/NoSuchMethodError'{0x00000000d65eaf80}: 'int java.lang.invoke.DirectMethodHandle$Holder.invokeStaticInit(java.lang.Object, java.lang.Object, java.lang.Object, java.lang.Object)'> (0x00000000d65eaf80) 
thrown [s\src\hotspot\share\interpreter\linkResolver.cpp, line 773]
Event: 4.237 Thread 0x000001ca60a492c0 Exception <a 'java/lang/IncompatibleClassChangeError'{0x00000000d65f3388}: Found class java.lang.Object, but interface was expected> (0x00000000d65f3388) 
thrown [s\src\hotspot\share\interpreter\linkResolver.cpp, line 840]
Event: 4.244 Thread 0x000001ca60a492c0 Exception <a 'java/lang/NoSuchMethodError'{0x00000000d65f98f8}: 'void java.lang.invoke.DirectMethodHandle$Holder.invokeStaticInit(java.lang.Object, java.lang.Object)'> (0x00000000d65f98f8) 
thrown [s\src\hotspot\share\interpreter\linkResolver.cpp, line 773]
Event: 4.254 Thread 0x000001ca60a492c0 Exception <a 'java/lang/NoSuchMethodError'{0x00000000d6602ab0}: 'int java.lang.invoke.DirectMethodHandle$Holder.invokeStaticInit(java.lang.Object, java.lang.Object)'> (0x00000000d6602ab0) 
thrown [s\src\hotspot\share\interpreter\linkResolver.cpp, line 773]
Event: 4.542 Thread 0x000001ca60a492c0 Exception <a 'java/lang/NoSuchMethodError'{0x00000000d6848b08}: 'java.lang.Object java.lang.invoke.DirectMethodHandle$Holder.newInvokeSpecial(java.lang.Object, int, java.lang.Object)'> (0x00000000d6848b08) 
thrown [s\src\hotspot\share\interpreter\linkResolver.cpp, line 773]
Event: 4.790 Thread 0x000001ca60a492c0 Exception <a 'java/lang/ClassNotFoundException'{0x00000000d6a634f8}: sun/net/www/protocol/plurl/Handler> (0x00000000d6a634f8) 
thrown [s\src\hotspot\share\classfile\systemDictionary.cpp, line 312]
Event: 4.791 Thread 0x000001ca60a492c0 Exception <a 'java/lang/ClassNotFoundException'{0x00000000d6a64378}: sun/net/www/protocol/plurl/Handler> (0x00000000d6a64378) 
thrown [s\src\hotspot\share\classfile\systemDictionary.cpp, line 312]
Event: 5.829 Thread 0x000001ca60a492c0 Exception <a 'java/lang/UnsatisfiedLinkError'{0x00000000d563ac80}: 'void org.eclipse.equinox.launcher.JNIBridge._update_splash()'> (0x00000000d563ac80) 
thrown [s\src\hotspot\share\prims\nativeLookup.cpp, line 415]
Event: 6.020 Thread 0x000001ca7acac390 Exception <a 'java/lang/NoSuchMethodError'{0x00000000d58e7170}: 'void java.lang.invoke.DirectMethodHandle$Holder.invokeInterface(java.lang.Object, java.lang.Object, java.lang.Object)'> (0x00000000d58e7170) 
thrown [s\src\hotspot\share\interpreter\linkResolver.cpp, line 773]
Event: 6.352 Thread 0x000001ca7a75aa70 Exception <a 'java/lang/NoSuchMethodError'{0x00000000d5ccea48}: 'java.lang.Object java.lang.invoke.DirectMethodHandle$Holder.newInvokeSpecial(java.lang.Object, java.lang.Object, int, java.lang.Object)'> (0x00000000d5ccea48) 
thrown [s\src\hotspot\share\interpreter\linkResolver.cpp, line 773]
Event: 6.353 Thread 0x000001ca7a75aa70 Exception <a 'java/lang/NoSuchMethodError'{0x00000000d5cd2878}: 'java.lang.Object java.lang.invoke.DirectMethodHandle$Holder.invokeSpecial(java.lang.Object, java.lang.Object, java.lang.Object, int, java.lang.Object)'> (0x00000000d5cd2878) 
thrown [s\src\hotspot\share\interpreter\linkResolver.cpp, line 773]
Event: 6.661 Thread 0x000001ca7a75aa70 Exception <a 'java/lang/NoClassDefFoundError'{0x00000000d5d79970}: jakarta/servlet/ServletContainerInitializer> (0x00000000d5d79970) 
thrown [s\src\hotspot\share\classfile\systemDictionary.cpp, line 301]
Event: 6.875 Thread 0x000001ca7a75aa70 Exception <a 'java/lang/ClassNotFoundException'{0x00000000d5ed5bb8}: sun/util/logging/resources/spi/loggingProvider> (0x00000000d5ed5bb8) 
thrown [s\src\hotspot\share\classfile\systemDictionary.cpp, line 312]

ZGC Phase Switch (0 events):
No events

VM Operations (20 events):
Event: 4.708 Executing non-safepoint VM operation: HandshakeAllThreads (Deoptimize)
Event: 4.708 Executing non-safepoint VM operation: HandshakeAllThreads (Deoptimize) done
Event: 4.769 Executing non-safepoint VM operation: HandshakeAllThreads (Deoptimize)
Event: 4.769 Executing non-safepoint VM operation: HandshakeAllThreads (Deoptimize) done
Event: 5.734 Executing safepoint VM operation: ParallelGCFailedAllocation (Allocation Failure)
Event: 5.743 Executing safepoint VM operation: ParallelGCFailedAllocation (Allocation Failure) done
Event: 6.756 Executing safepoint VM operation: Cleanup
Event: 6.789 Executing safepoint VM operation: Cleanup done
Event: 6.849 Executing non-safepoint VM operation: HandshakeAllThreads (Deoptimize)
Event: 6.849 Executing non-safepoint VM operation: HandshakeAllThreads (Deoptimize) done
Event: 6.901 Executing non-safepoint VM operation: HandshakeAllThreads (Deoptimize)
Event: 6.901 Executing non-safepoint VM operation: HandshakeAllThreads (Deoptimize) done
Event: 6.943 Executing non-safepoint VM operation: HandshakeAllThreads (Deoptimize)
Event: 6.943 Executing non-safepoint VM operation: HandshakeAllThreads (Deoptimize) done
Event: 6.962 Executing non-safepoint VM operation: HandshakeAllThreads (Deoptimize)
Event: 6.962 Executing non-safepoint VM operation: HandshakeAllThreads (Deoptimize) done
Event: 7.862 Executing safepoint VM operation: ParallelGCFailedAllocation (Allocation Failure)
Event: 7.874 Executing safepoint VM operation: ParallelGCFailedAllocation (Allocation Failure) done
Event: 8.517 Executing non-safepoint VM operation: HandshakeAllThreads (Deoptimize)
Event: 8.517 Executing non-safepoint VM operation: HandshakeAllThreads (Deoptimize) done

Memory protections (0 events):
No events

Nmethod flushes (0 events):
No events

Events (20 events):
Event: 0.088 Thread 0x000001ca60a492c0 Thread added: 0x000001ca62e2e2b0
Event: 0.088 Thread 0x000001ca60a492c0 Thread added: 0x000001ca62c64260
Event: 0.089 Thread 0x000001ca60a492c0 Thread added: 0x000001ca62c64cc0
Event: 0.089 Thread 0x000001ca60a492c0 Thread added: 0x000001ca62c65720
Event: 0.089 Thread 0x000001ca60a492c0 Thread added: 0x000001ca62c66180
Event: 0.089 Thread 0x000001ca60a492c0 Thread added: 0x000001ca62c68fd0
Event: 0.090 Thread 0x000001ca60a492c0 Thread added: 0x000001ca62c8b820
Event: 0.239 Thread 0x000001ca60a492c0 Thread added: 0x000001ca7a462130
Event: 0.882 Thread 0x000001ca60a492c0 Thread added: 0x000001ca7a566990
Event: 1.080 Thread 0x000001ca62c68fd0 Thread added: 0x000001ca7a5c6390
Event: 1.582 Thread 0x000001ca7a5c6390 Thread exited: 0x000001ca7a5c6390
Event: 3.241 Thread 0x000001ca62c8b820 Thread added: 0x000001ca7abd8780
Event: 3.455 Thread 0x000001ca7abd8780 Thread exited: 0x000001ca7abd8780
Event: 4.323 Thread 0x000001ca60a492c0 Thread added: 0x000001ca7ac11030
Event: 5.827 Thread 0x000001ca60a492c0 Thread added: 0x000001ca7acac390
Event: 6.024 Thread 0x000001ca7acac390 Thread added: 0x000001ca7a75a030
Event: 6.065 Thread 0x000001ca60a492c0 Thread added: 0x000001ca7a75aa70
Event: 6.971 Thread 0x000001ca62c8b820 Thread added: 0x000001ca7aa3f100
Event: 7.205 Thread 0x000001ca7aa3f100 Thread exited: 0x000001ca7aa3f100
Event: 8.026 Thread 0x000001ca7a75aa70 Thread added: 0x000001ca7acfcfc0


Dynamic libraries:
0x00007ff78b620000 - 0x00007ff78b62e000 	c:\Users\Soliyana Kibrom\.vscode\extensions\redhat.java-1.54.0-win32-x64\jre\21.0.10-win32-x86_64\bin\java.exe
0x00007ffc11d40000 - 0x00007ffc11fa7000 	C:\windows\SYSTEM32\ntdll.dll
0x00007ffc11a20000 - 0x00007ffc11ae9000 	C:\windows\System32\KERNEL32.DLL
0x00007ffc0f6d0000 - 0x00007ffc0fac4000 	C:\windows\System32\KERNELBASE.dll
0x00007ffc0e7b0000 - 0x00007ffc0e8fb000 	C:\windows\System32\ucrtbase.dll
0x00007ffbe19c0000 - 0x00007ffbe19d8000 	c:\Users\Soliyana Kibrom\.vscode\extensions\redhat.java-1.54.0-win32-x64\jre\21.0.10-win32-x86_64\bin\jli.dll
0x00007ffc11400000 - 0x00007ffc115c5000 	C:\windows\System32\USER32.dll
0x00007ffc0e780000 - 0x00007ffc0e7a7000 	C:\windows\System32\win32u.dll
0x00007ffc0fcb0000 - 0x00007ffc0fcdb000 	C:\windows\System32\GDI32.dll
0x00007ffc0e9b0000 - 0x00007ffc0eadb000 	C:\windows\System32\gdi32full.dll
0x00007ffc0eae0000 - 0x00007ffc0eb83000 	C:\windows\System32\msvcp_win.dll
0x00007ffbe19a0000 - 0x00007ffbe19be000 	c:\Users\Soliyana Kibrom\.vscode\extensions\redhat.java-1.54.0-win32-x64\jre\21.0.10-win32-x86_64\bin\VCRUNTIME140.dll
0x00007ffbe9390000 - 0x00007ffbe9623000 	C:\windows\WinSxS\amd64_microsoft.windows.common-controls_6595b64144ccf1df_6.0.26100.8115_none_3e075c82e3354f9c\COMCTL32.dll
0x00007ffc0fc00000 - 0x00007ffc0fca9000 	C:\windows\System32\msvcrt.dll
0x00007ffc0fe80000 - 0x00007ffc0feb2000 	C:\windows\System32\IMM32.DLL
0x00007ffbfbd30000 - 0x00007ffbfbd3c000 	c:\Users\Soliyana Kibrom\.vscode\extensions\redhat.java-1.54.0-win32-x64\jre\21.0.10-win32-x86_64\bin\vcruntime140_1.dll
0x00007ffbda9c0000 - 0x00007ffbdaa4d000 	c:\Users\Soliyana Kibrom\.vscode\extensions\redhat.java-1.54.0-win32-x64\jre\21.0.10-win32-x86_64\bin\msvcp140.dll
0x00007ffb8afe0000 - 0x00007ffb8bd81000 	c:\Users\Soliyana Kibrom\.vscode\extensions\redhat.java-1.54.0-win32-x64\jre\21.0.10-win32-x86_64\bin\server\jvm.dll
0x00007ffc116d0000 - 0x00007ffc11786000 	C:\windows\System32\ADVAPI32.dll
0x00007ffc11c50000 - 0x00007ffc11cf7000 	C:\windows\System32\sechost.dll
0x00007ffc112e0000 - 0x00007ffc113f8000 	C:\windows\System32\RPCRT4.dll
0x00007ffc0fb70000 - 0x00007ffc0fbf0000 	C:\windows\System32\WS2_32.dll
0x00007ffc0e470000 - 0x00007ffc0e4ce000 	C:\windows\SYSTEM32\POWRPROF.dll
0x00007ffc09540000 - 0x00007ffc09576000 	C:\windows\SYSTEM32\WINMM.dll
0x00007ffbf73b0000 - 0x00007ffbf73bb000 	C:\windows\SYSTEM32\VERSION.dll
0x00007ffc0e450000 - 0x00007ffc0e464000 	C:\windows\SYSTEM32\UMPDC.dll
0x00007ffc0d3a0000 - 0x00007ffc0d3bb000 	C:\windows\SYSTEM32\kernel.appcore.dll
0x00007ffbf7610000 - 0x00007ffbf761a000 	c:\Users\Soliyana Kibrom\.vscode\extensions\redhat.java-1.54.0-win32-x64\jre\21.0.10-win32-x86_64\bin\jimage.dll
0x00007ffc0c420000 - 0x00007ffc0c662000 	C:\windows\SYSTEM32\DBGHELP.DLL
0x00007ffc10190000 - 0x00007ffc10512000 	C:\windows\System32\combase.dll
0x00007ffc100b0000 - 0x00007ffc10188000 	C:\windows\System32\OLEAUT32.dll
0x00007ffbe85b0000 - 0x00007ffbe85eb000 	C:\windows\SYSTEM32\dbgcore.DLL
0x00007ffc0e900000 - 0x00007ffc0e9a5000 	C:\windows\System32\bcryptPrimitives.dll
0x00007ffbf2710000 - 0x00007ffbf271f000 	c:\Users\Soliyana Kibrom\.vscode\extensions\redhat.java-1.54.0-win32-x64\jre\21.0.10-win32-x86_64\bin\instrument.dll
0x00007ffbe1980000 - 0x00007ffbe19a0000 	c:\Users\Soliyana Kibrom\.vscode\extensions\redhat.java-1.54.0-win32-x64\jre\21.0.10-win32-x86_64\bin\java.dll
0x00007ffc10b10000 - 0x00007ffc11277000 	C:\windows\System32\SHELL32.dll
0x00007ffc0e610000 - 0x00007ffc0e77a000 	C:\windows\System32\wintypes.dll
0x00007ffc0ec50000 - 0x00007ffc0f4b8000 	C:\windows\System32\windows.storage.dll
0x00007ffc115d0000 - 0x00007ffc116c8000 	C:\windows\System32\SHCORE.dll
0x00007ffc0fec0000 - 0x00007ffc0ff26000 	C:\windows\System32\shlwapi.dll
0x00007ffc0e530000 - 0x00007ffc0e559000 	C:\windows\SYSTEM32\profapi.dll
0x00007ffbe18f0000 - 0x00007ffbe1908000 	c:\Users\Soliyana Kibrom\.vscode\extensions\redhat.java-1.54.0-win32-x64\jre\21.0.10-win32-x86_64\bin\zip.dll
0x00007ffbf1ec0000 - 0x00007ffbf1ed0000 	C:\Users\Soliyana Kibrom\.vscode\extensions\redhat.java-1.54.0-win32-x64\jre\21.0.10-win32-x86_64\bin\net.dll
0x00007ffbfcd30000 - 0x00007ffbfce5d000 	C:\windows\SYSTEM32\WINHTTP.dll
0x00007ffc0d910000 - 0x00007ffc0d97c000 	C:\windows\system32\mswsock.dll
0x00007ffbe1830000 - 0x00007ffbe1846000 	C:\Users\Soliyana Kibrom\.vscode\extensions\redhat.java-1.54.0-win32-x64\jre\21.0.10-win32-x86_64\bin\nio.dll
0x00007ffbf14b0000 - 0x00007ffbf14c0000 	c:\Users\Soliyana Kibrom\.vscode\extensions\redhat.java-1.54.0-win32-x64\jre\21.0.10-win32-x86_64\bin\verify.dll
0x00007ffbe1510000 - 0x00007ffbe1555000 	C:\Users\Soliyana Kibrom\AppData\Roaming\Code\User\globalStorage\redhat.java\1.54.0\config_win\org.eclipse.equinox.launcher\org.eclipse.equinox.launcher.win32.win32.x86_64_1.3.0.v20260203-2149\eclipse_11919.dll
0x00007ffc0fce0000 - 0x00007ffc0fe77000 	C:\windows\System32\ole32.dll

JVMTI agents:
c:\Users\Soliyana Kibrom\.vscode\extensions\redhat.java-1.54.0-win32-x64\lombok\lombok-1.18.39-4050.jar path:c:\Users\Soliyana Kibrom\.vscode\extensions\redhat.java-1.54.0-win32-x64\jre\21.0.10-win32-x86_64\bin\instrument.dll, loaded, initialized, instrumentlib options:none

dbghelp: loaded successfully - version: 4.0.5 - missing functions: none
symbol engine: initialized successfully - sym options: 0x614 - pdb path: .;c:\Users\Soliyana Kibrom\.vscode\extensions\redhat.java-1.54.0-win32-x64\jre\21.0.10-win32-x86_64\bin;C:\windows\SYSTEM32;C:\windows\WinSxS\amd64_microsoft.windows.common-controls_6595b64144ccf1df_6.0.26100.8115_none_3e075c82e3354f9c;c:\Users\Soliyana Kibrom\.vscode\extensions\redhat.java-1.54.0-win32-x64\jre\21.0.10-win32-x86_64\bin\server;C:\Users\Soliyana Kibrom\AppData\Roaming\Code\User\globalStorage\redhat.java\1.54.0\config_win\org.eclipse.equinox.launcher\org.eclipse.equinox.launcher.win32.win32.x86_64_1.3.0.v20260203-2149

VM Arguments:
jvm_args: --add-modules=ALL-SYSTEM --add-opens=java.base/java.util=ALL-UNNAMED --add-opens=java.base/java.lang=ALL-UNNAMED --add-opens=java.base/sun.nio.fs=ALL-UNNAMED -Declipse.application=org.eclipse.jdt.ls.core.id1 -Dosgi.bundles.defaultStartLevel=4 -Declipse.product=org.eclipse.jdt.ls.core.product -Djava.import.generatesMetadataFilesAtProjectRoot=false -DDetectVMInstallationsJob.disabled=true -Dfile.encoding=utf8 -XX:+UseParallelGC -XX:GCTimeRatio=4 -XX:AdaptiveSizePolicyWeight=90 -Dsun.zip.disableMemoryMapping=true -Xmx2G -Xms100m -Xlog:disable -javaagent:c:\Users\Soliyana Kibrom\.vscode\extensions\redhat.java-1.54.0-win32-x64\lombok\lombok-1.18.39-4050.jar -XX:+HeapDumpOnOutOfMemoryError -XX:HeapDumpPath=c:\Users\Soliyana Kibrom\AppData\Roaming\Code\User\workspaceStorage\591bd8e9b1d13dc199d32e0ac141c9d6\redhat.java -Daether.dependencyCollector.impl=bf 
java_command: c:\Users\Soliyana Kibrom\.vscode\extensions\redhat.java-1.54.0-win32-x64\server\plugins\org.eclipse.equinox.launcher_1.7.100.v20251111-0406.jar -configuration c:\Users\Soliyana Kibrom\AppData\Roaming\Code\User\globalStorage\redhat.java\1.54.0\config_win -data c:\Users\Soliyana Kibrom\AppData\Roaming\Code\User\workspaceStorage\591bd8e9b1d13dc199d32e0ac141c9d6\redhat.java\jdt_ws --pipe=\\.\pipe\lsp-c251a73aab5bd565a012f5a984300017-sock
java_class_path (initial): c:\Users\Soliyana Kibrom\.vscode\extensions\redhat.java-1.54.0-win32-x64\server\plugins\org.eclipse.equinox.launcher_1.7.100.v20251111-0406.jar
Launcher Type: SUN_STANDARD

[Global flags]
    uintx AdaptiveSizePolicyWeight                 = 90                                        {product} {command line}
     intx CICompilerCount                          = 3                                         {product} {ergonomic}
    uintx GCTimeRatio                              = 4                                         {product} {command line}
     bool HeapDumpOnOutOfMemoryError               = true                                   {manageable} {command line}
    ccstr HeapDumpPath                             = c:\Users\Soliyana Kibrom\AppData\Roaming\Code\User\workspaceStorage\591bd8e9b1d13dc199d32e0ac141c9d6\redhat.java         {manageable} {command line}
   size_t InitialHeapSize                          = 104857600                                 {product} {command line}
   size_t MaxHeapSize                              = 2147483648                                {product} {command line}
   size_t MaxNewSize                               = 715653120                                 {product} {ergonomic}
   size_t MinHeapDeltaBytes                        = 524288                                    {product} {ergonomic}
   size_t MinHeapSize                              = 104857600                                 {product} {command line}
   size_t NewSize                                  = 34603008                                  {product} {ergonomic}
    uintx NonNMethodCodeHeapSize                   = 5832780                                {pd product} {ergonomic}
    uintx NonProfiledCodeHeapSize                  = 122912730                              {pd product} {ergonomic}
   size_t OldSize                                  = 70254592                                  {product} {ergonomic}
    uintx ProfiledCodeHeapSize                     = 122912730                              {pd product} {ergonomic}
    uintx ReservedCodeCacheSize                    = 251658240                              {pd product} {ergonomic}
     bool SegmentedCodeCache                       = true                                      {product} {ergonomic}
   size_t SoftMaxHeapSize                          = 2147483648                             {manageable} {ergonomic}
     bool UseCompressedOops                        = true                           {product lp64_product} {ergonomic}
     bool UseLargePagesIndividualAllocation        = false                                  {pd product} {ergonomic}
     bool UseParallelGC                            = true                                      {product} {command line}

Logging:
Log output configuration:
 #0: stdout all=off uptime,level,tags foldmultilines=false
 #1: stderr all=off uptime,level,tags foldmultilines=false

Release file:
JAVA_VERSION="21.0.10" 
MODULES="java.base java.compiler java.datatransfer java.xml java.prefs java.desktop java.instrument java.logging java.management java.security.sasl java.naming java.rmi java.management.rmi java.net.http java.scripting java.security.jgss java.transaction.xa java.sql java.sql.rowset java.xml.crypto java.se java.smartcardio jdk.accessibility jdk.internal.jvmstat jdk.attach jdk.charsets jdk.internal.opt jdk.zipfs jdk.compiler jdk.crypto.ec jdk.crypto.cryptoki jdk.crypto.mscapi jdk.dynalink jdk.internal.ed jdk.editpad jdk.hotspot.agent jdk.httpserver jdk.internal.le jdk.internal.vm.ci jdk.internal.vm.compiler jdk.internal.vm.compiler.management jdk.jartool jdk.javadoc jdk.jcmd jdk.management jdk.management.agent jdk.jconsole jdk.jdeps jdk.jdwp.agent jdk.jdi jdk.jfr jdk.jshell jdk.jsobject jdk.jstatd jdk.localedata jdk.management.jfr jdk.naming.dns jdk.naming.rmi jdk.net jdk.nio.mapmode jdk.random jdk.sctp jdk.security.auth jdk.security.jgss jdk.unsupported jdk.unsupported.desktop jdk.xml.dom" 

Environment Variables:
JAVA_HOME=C:\Users\Soliyana Kibrom\Downloads\openlogic-openjdk-17.0.17+10-windows-x64\openlogic-openjdk-17.0.17+10-windows-x64
PATH=C:\Users\Soliyana Kibrom\AppData\Local\Programs\Microsoft VS Code;C:\windows\system32;C:\windows;C:\windows\System32\Wbem;C:\windows\System32\WindowsPowerShell\v1.0\;C:\windows\System32\OpenSSH\;C:\Program Files\nodejs\;C:\ProgramData\chocolatey\bin;C:\Users\Soliyana Kibrom\AppData\Local\bin;C:\src\suiup-Windows-msvc-arm64;C:\windows\system32;C:\windows;C:\windows\System32\Wbem;C:\windows\System32\WindowsPowerShell\v1.0\;C:\windows\System32\OpenSSH\;C:\Program Files\HP\HP One Agent;C:\Program Files\nodejs\;C:\ProgramData\chocolatey\bin;C:\Users\Soliyana Kibrom\AppData\Local\bin;C:\src\suiup-Windows-msvc-arm64;C:\Program Files\Git\cmd;C:\Users\Soliyana Kibrom\AppData\Local\Microsoft\WindowsApps;C:\Users\Soliyana Kibrom\AppData\Roaming\npm;C:\Users\Soliyana Kibrom\AppData\Local\Programs\Microsoft VS Code\bin;C:\Users\Soliyana Kibrom\Downloads\openlogic-openjdk-17.0.17+10-windows-x64\openlogic-openjdk-17.0.17+10-windows-x64\bin;C:\Users\Soliyana Kibrom\OneDrive\Attachments\maven-mvnd-1.0.3-windows-amd64\bin;;C:\Users\Soliyana Kibrom\OneDrive\Attachments\maven-mvnd-1.0.3-windows-amd64\mvn\bin
USERNAME=Soliyana Kibrom
OS=Windows_NT
PROCESSOR_IDENTIFIER=Intel64 Family 6 Model 190 Stepping 0, GenuineIntel
TMP=C:\Users\SOLIYA~1\AppData\Local\Temp
TEMP=C:\Users\SOLIYA~1\AppData\Local\Temp




Periodic native trim disabled

---------------  S Y S T E M  ---------------

OS:
 Windows 11 , 64 bit Build 26100 (10.0.26100.8246)
OS uptime: 5 days 3:43 hours
Hyper-V role detected

CPU: total 4 (initial active 4) (4 cores per cpu, 1 threads per core) family 6 model 190 stepping 0 microcode 0x1a, cx8, cmov, fxsr, mmx, 3dnowpref, sse, sse2, sse3, ssse3, sse4.1, sse4.2, popcnt, lzcnt, tsc, tscinvbit, avx, avx2, aes, erms, clmul, bmi1, bmi2, adx, sha, fma, vzeroupper, clflush, clflushopt, clwb, hv, serialize, rdtscp, rdpid, fsrm, f16c, cet_ibt, cet_ss
Processor Information for the first 4 processors :
  Max Mhz: 800, Current Mhz: 800, Mhz Limit: 800

Memory: 4k page, system-wide physical 16039M (1156M free)
TotalPageFile size 31168M (AvailPageFile size 11M)
current process WorkingSet (physical memory assigned to process): 111M, peak: 111M
current process commit charge ("private bytes"): 239M, peak: 239M

vm_info: OpenJDK 64-Bit Server VM (21.0.10+7-LTS) for windows-amd64 JRE (21.0.10+7-LTS), built on 2026-01-20T00:00:00Z by "admin" with MS VC++ 17.12 (VS2022)

END.
